
B WR ff fe 00 00 00 00 ff 
B WR ff fe 08 00 00 00 ff 
B WR ff fe 01 08 00 00 ff 
B WR ff fe 01 08 00 40 ff 
B WR ff fe 01 08 00 00 ff 
B WR ff fe 01 08 00 80 ff 
A    23 13 00 80 52 a0 20 00 
B WR ff fe 00 00 00 01 ff 
B RD fe 01 08 00 98 ff 
B WR ff fe 00 00 00 00 ff 
B WR ff fe 00 00 00 20 ff 
B WR ff fe 01 17 00 00 ff 
B WR ff fe 01 17 00 40 ff 
B WR ff fe 01 17 00 00 ff 
B WR ff fe 01 17 00 80 ff 
A    5a f4 80 a0 1a 00 00 00 00 00 10 5a f4 80 60 1a 00 00 00 00 00 00 00 
B WR ff fe 00 00 00 01 ff 
B RD fe 01 17 00 98 ff 
B WR ff fe 01 22 00 00 ff 
B WR ff fe 01 22 00 40 ff 
B WR ff fe 01 22 00 00 ff 
B WR ff fe 01 22 00 80 ff 
A    5a f4 80 a0 36 00 00 00 00 00 00 5a f4 80 a0 34 40 02 00 10 00 80 5a f4 80 a0 35 80 04 00 20 01 00 00 
B WR ff fe 00 00 00 01 ff 
B RD fe 01 22 00 90 ff 
B WR ff fe 01 22 00 00 ff 
B WR ff fe 01 22 00 40 ff 
B WR ff fe 01 22 00 00 ff 
B WR ff fe 01 22 00 80 ff 
A    5a f4 80 a0 56 00 00 00 00 00 00 5a f4 80 a0 54 40 02 00 10 00 80 5a f4 80 a0 55 80 04 00 20 01 00 00 
B WR ff fe 00 00 00 01 ff 
B RD fe 01 22 00 90 ff 
B WR ff fe 01 22 00 00 ff 
B WR ff fe 01 22 00 40 ff 
B WR ff fe 01 22 00 00 ff 
B WR ff fe 01 22 00 80 ff 
A    5a f4 80 60 36 00 00 00 00 00 00 5a f4 80 60 34 40 02 00 10 00 80 5a f4 80 60 35 80 04 00 20 01 00 00 
B WR ff fe 00 00 00 01 ff 
B RD fe 01 22 00 90 ff 
B WR ff fe 01 22 00 00 ff 
B WR ff fe 01 22 00 40 ff 
B WR ff fe 01 22 00 00 ff 
B WR ff fe 01 22 00 80 ff 
A    5a f4 80 60 56 00 00 00 00 00 00 5a f4 80 60 54 40 02 00 10 00 80 5a f4 80 60 55 80 04 00 20 01 00 00 
B WR ff fe 00 00 00 01 ff 
B RD fe 01 22 00 90 ff 
B WR ff fe 01 22 00 00 ff 
B WR ff fe 01 22 00 40 ff 
B WR ff fe 01 22 00 00 ff 
B WR ff fe 01 22 00 80 ff 
A    5a f4 80 a0 36 00 85 08 10 00 00 5a f4 80 a0 34 40 02 00 10 00 80 5a f4 80 a0 35 80 04 00 20 01 00 00 
B WR ff fe 00 00 00 01 ff 
B RD fe 01 22 00 90 ff 
B WR ff fe 00 00 00 00 ff 
B WR ff fe 00 00 00 04 ff 
B WR ff fe 03 b8 0b 00 ff 
B WR ff fe 03 b8 0b 40 ff 
B WR ff fe 01 22 00 00 ff 
B WR ff fe 01 22 00 40 ff 
B WR ff fe 01 22 00 00 ff 
B WR ff fe 01 22 00 80 ff 
A    5a f4 80 a0 36 00 85 08 50 00 00 5a f4 80 a0 34 40 02 00 10 00 80 5a f4 80 a0 35 80 04 00 20 01 00 00 
B WR ff fe 00 00 00 01 ff 
B RD fe 01 22 00 90 ff 
B WR ff fe 00 00 00 00 ff 
B WR ff fe 00 00 00 04 ff 
B WR ff fe 03 b8 0b 00 ff 
B WR ff fe 03 b8 0b 40 ff 
B WR ff fe 01 22 00 00 ff 
B WR ff fe 01 22 00 40 ff 
B WR ff fe 01 22 00 00 ff 
B WR ff fe 01 22 00 80 ff 
A    5a f4 80 a0 36 00 83 08 50 00 00 5a f4 80 a0 34 40 02 00 10 00 80 5a f4 80 a0 35 80 04 00 20 01 00 00 
B WR ff fe 00 00 00 01 ff 
B RD fe 01 22 00 90 ff 
B WR ff fe 00 00 00 00 ff 
B WR ff fe 00 00 00 04 ff 
B WR ff fe 03 b8 0b 00 ff 
B WR ff fe 03 b8 0b 40 ff 
B WR ff fe 01 22 00 00 ff 
B WR ff fe 01 22 00 40 ff 
B WR ff fe 01 22 00 00 ff 
B WR ff fe 01 22 00 80 ff 
A    5a f4 80 a0 36 00 83 08 70 00 00 5a f4 80 a0 34 40 02 00 10 00 80 5a f4 80 a0 35 80 04 00 20 01 00 00 
B WR ff fe 00 00 00 01 ff 
B RD fe 01 22 00 90 ff 
B WR ff fe 00 00 00 00 ff 
B WR ff fe 00 00 00 04 ff 
B WR ff fe 03 b8 0b 00 ff 
B WR ff fe 03 b8 0b 40 ff 
B WR ff fe 01 22 00 00 ff 
B WR ff fe 01 22 00 40 ff 
B WR ff fe 01 22 00 00 ff 
B WR ff fe 01 22 00 80 ff 
A    5a f4 80 a0 36 00 50 08 10 00 00 5a f4 80 a0 34 40 02 00 10 00 80 5a f4 80 a0 35 80 04 00 20 01 00 00 
B WR ff fe 00 00 00 01 ff 
B RD fe 01 22 00 90 ff 
B WR ff fe 00 00 00 00 ff 
B WR ff fe 00 00 00 04 ff 
B WR ff fe 03 b8 0b 00 ff 
B WR ff fe 03 b8 0b 40 ff 
B WR ff fe 01 22 00 00 ff 
B WR ff fe 01 22 00 40 ff 
B WR ff fe 01 22 00 00 ff 
B WR ff fe 01 22 00 80 ff 
A    5a f4 80 a0 36 00 50 08 50 00 00 5a f4 80 a0 34 40 02 00 10 00 80 5a f4 80 a0 35 80 04 00 20 01 00 00 
B WR ff fe 00 00 00 01 ff 
B RD fe 01 22 00 90 ff 
B WR ff fe 00 00 00 00 ff 
B WR ff fe 00 00 00 04 ff 
B WR ff fe 03 b8 0b 00 ff 
B WR ff fe 03 b8 0b 40 ff 
B WR ff fe 01 22 00 00 ff 
B WR ff fe 01 22 00 40 ff 
B WR ff fe 01 22 00 00 ff 
B WR ff fe 01 22 00 80 ff 
A    5a f4 80 a0 36 00 30 08 50 00 00 5a f4 80 a0 34 40 02 00 10 00 80 5a f4 80 a0 35 80 04 00 20 01 00 00 
B WR ff fe 00 00 00 01 ff 
B RD fe 01 22 00 90 ff 
B WR ff fe 00 00 00 00 ff 
B WR ff fe 00 00 00 04 ff 
B WR ff fe 03 b8 0b 00 ff 
B WR ff fe 03 b8 0b 40 ff 
B WR ff fe 01 22 00 00 ff 
B WR ff fe 01 22 00 40 ff 
B WR ff fe 01 22 00 00 ff 
B WR ff fe 01 22 00 80 ff 
A    5a f4 80 a0 36 00 30 08 70 00 00 5a f4 80 a0 34 40 02 00 10 00 80 5a f4 80 a0 35 80 04 00 20 01 00 00 
B WR ff fe 00 00 00 01 ff 
B RD fe 01 22 00 90 ff 
B WR ff fe 00 00 00 00 ff 
B WR ff fe 00 00 00 04 ff 
B WR ff fe 03 b8 0b 00 ff 
B WR ff fe 03 b8 0b 40 ff 
B WR ff fe 01 22 00 00 ff 
B WR ff fe 01 22 00 40 ff 
B WR ff fe 01 22 00 00 ff 
B WR ff fe 01 22 00 80 ff 
A    5a f4 80 a0 36 00 00 05 10 00 00 5a f4 80 a0 34 40 02 00 10 00 80 5a f4 80 a0 35 80 04 00 20 01 00 00 
B WR ff fe 00 00 00 01 ff 
B RD fe 01 22 00 90 ff 
B WR ff fe 00 00 00 00 ff 
B WR ff fe 00 00 00 04 ff 
B WR ff fe 03 b8 0b 00 ff 
B WR ff fe 03 b8 0b 40 ff 
B WR ff fe 01 22 00 00 ff 
B WR ff fe 01 22 00 40 ff 
B WR ff fe 01 22 00 00 ff 
B WR ff fe 01 22 00 80 ff 
A    5a f4 80 a0 36 00 00 05 50 00 00 5a f4 80 a0 34 40 02 00 10 00 80 5a f4 80 a0 35 80 04 00 20 01 00 00 
B WR ff fe 00 00 00 01 ff 
B RD fe 01 22 00 90 ff 
B WR ff fe 00 00 00 00 ff 
B WR ff fe 00 00 00 04 ff 
B WR ff fe 03 b8 0b 00 ff 
B WR ff fe 03 b8 0b 40 ff 
B WR ff fe 01 22 00 00 ff 
B WR ff fe 01 22 00 40 ff 
B WR ff fe 01 22 00 00 ff 
B WR ff fe 01 22 00 80 ff 
A    5a f4 80 a0 36 00 00 03 50 00 00 5a f4 80 a0 34 40 02 00 10 00 80 5a f4 80 a0 35 80 04 00 20 01 00 00 
B WR ff fe 00 00 00 01 ff 
B RD fe 01 22 00 90 ff 
B WR ff fe 00 00 00 00 ff 
B WR ff fe 00 00 00 04 ff 
B WR ff fe 03 b8 0b 00 ff 
B WR ff fe 03 b8 0b 40 ff 
B WR ff fe 01 22 00 00 ff 
B WR ff fe 01 22 00 40 ff 
B WR ff fe 01 22 00 00 ff 
B WR ff fe 01 22 00 80 ff 
A    5a f4 80 a0 36 00 00 03 70 00 00 5a f4 80 a0 34 40 02 00 10 00 80 5a f4 80 a0 35 80 04 00 20 01 00 00 
B WR ff fe 00 00 00 01 ff 
B RD fe 01 22 00 90 ff 
B WR ff fe 00 00 00 00 ff 
B WR ff fe 00 00 00 04 ff 
B WR ff fe 03 b8 0b 00 ff 
B WR ff fe 03 b8 0b 40 ff 
B WR ff fe 01 22 00 00 ff 
B WR ff fe 01 22 00 40 ff 
B WR ff fe 01 22 00 00 ff 
B WR ff fe 01 22 00 80 ff 
A    5a f4 80 a0 36 00 00 00 88 00 00 5a f4 80 a0 34 40 02 00 10 00 80 5a f4 80 a0 35 80 04 00 20 01 00 00 
B WR ff fe 00 00 00 01 ff 
B RD fe 01 22 00 90 ff 
B WR ff fe 00 00 00 00 ff 
B WR ff fe 00 00 00 04 ff 
B WR ff fe 03 b8 0b 00 ff 
B WR ff fe 03 b8 0b 40 ff 
B WR ff fe 01 22 00 00 ff 
B WR ff fe 01 22 00 40 ff 
B WR ff fe 01 22 00 00 ff 
B WR ff fe 01 22 00 80 ff 
A    5a f4 80 a0 36 00 00 00 c8 00 00 5a f4 80 a0 34 40 02 00 10 00 80 5a f4 80 a0 35 80 04 00 20 01 00 00 
B WR ff fe 00 00 00 01 ff 
B RD fe 01 22 00 90 ff 
B WR ff fe 00 00 00 00 ff 
B WR ff fe 00 00 00 04 ff 
B WR ff fe 03 b8 0b 00 ff 
B WR ff fe 03 b8 0b 40 ff 
B WR ff fe 01 22 00 00 ff 
B WR ff fe 01 22 00 40 ff 
B WR ff fe 01 22 00 00 ff 
B WR ff fe 01 22 00 80 ff 
A    5a f4 80 a0 36 00 00 00 c4 00 00 5a f4 80 a0 34 40 02 00 10 00 80 5a f4 80 a0 35 80 04 00 20 01 00 00 
B WR ff fe 00 00 00 01 ff 
B RD fe 01 22 00 90 ff 
B WR ff fe 00 00 00 00 ff 
B WR ff fe 00 00 00 04 ff 
B WR ff fe 03 b8 0b 00 ff 
B WR ff fe 03 b8 0b 40 ff 
B WR ff fe 01 22 00 00 ff 
B WR ff fe 01 22 00 40 ff 
B WR ff fe 01 22 00 00 ff 
B WR ff fe 01 22 00 80 ff 
A    5a f4 80 a0 36 00 00 00 e4 00 00 5a f4 80 a0 34 40 02 00 10 00 80 5a f4 80 a0 35 80 04 00 20 01 00 00 
B WR ff fe 00 00 00 01 ff 
B RD fe 01 22 00 90 ff 
B WR ff fe 00 00 00 00 ff 
B WR ff fe 00 00 00 04 ff 
B WR ff fe 03 b8 0b 00 ff 
B WR ff fe 03 b8 0b 40 ff 
B WR ff fe 01 22 00 00 ff 
B WR ff fe 01 22 00 40 ff 
B WR ff fe 01 22 00 00 ff 
B WR ff fe 01 22 00 80 ff 
A    5a f4 80 a0 36 00 00 00 00 00 80 5a f4 80 a0 34 3b a1 e3 0f 50 7d 5a f4 80 a0 35 77 43 c6 1e a0 fa 00 
B WR ff fe 00 00 00 01 ff 
B RD fe 01 22 00 90 ff 
B WR ff fe 01 22 00 00 ff 
B WR ff fe 01 22 00 40 ff 
B WR ff fe 01 22 00 00 ff 
B WR ff fe 01 22 00 80 ff 
A    5a f4 80 a0 36 00 00 00 00 00 80 5a f4 80 a0 34 3b a1 e3 0f 50 7d 5a f4 80 a0 35 77 43 c6 1e a0 fa 00 
B WR ff fe 00 00 00 01 ff 
B RD fe 01 22 00 90 ff 
B WR ff fe 01 11 00 00 ff 
B WR ff fe 01 11 00 40 ff 
B WR ff fe 01 11 00 00 ff 
B WR ff fe 01 11 00 80 ff 
A    5a f4 80 a0 24 00 00 00 00 00 00 42 f4 88 99 f5 00 
B WR ff fe 00 00 00 01 ff 
B RD fe 01 11 00 90 ff 
B WR ff fe 02 01 00 00 ff 
B WR ff fe 02 01 00 40 ff 
B WR ff fe 02 01 00 00 ff 
B WR ff fe 02 01 00 80 ff 
B RD fe 02 01 00 98 ff 
B WR ff fe 01 11 00 00 ff 
B WR ff fe 01 11 00 40 ff 
B WR ff fe 01 11 00 00 ff 
B WR ff fe 01 11 00 80 ff 
A    5a f4 80 a0 25 00 00 00 00 00 00 42 f4 88 99 f5 00 
B WR ff fe 00 00 00 01 ff 
B RD fe 01 11 00 98 ff 
B WR ff fe 02 01 00 00 ff 
B WR ff fe 02 01 00 40 ff 
B WR ff fe 02 01 00 00 ff 
B WR ff fe 02 01 00 80 ff 
B RD fe 02 01 00 98 ff 
B WR ff fe 01 22 00 00 ff 
B WR ff fe 01 22 00 40 ff 
B WR ff fe 01 22 00 00 ff 
B WR ff fe 01 22 00 80 ff 
A    5a f4 80 a0 56 00 85 08 10 00 00 5a f4 80 a0 54 40 02 00 10 00 80 5a f4 80 a0 55 80 04 00 20 01 00 00 
B WR ff fe 00 00 00 01 ff 
B RD fe 01 22 00 98 ff 
B WR ff fe 00 00 00 00 ff 
B WR ff fe 00 00 00 04 ff 
B WR ff fe 03 b8 0b 00 ff 
B WR ff fe 03 b8 0b 40 ff 
B WR ff fe 01 22 00 00 ff 
B WR ff fe 01 22 00 40 ff 
B WR ff fe 01 22 00 00 ff 
B WR ff fe 01 22 00 80 ff 
A    5a f4 80 a0 56 00 85 08 50 00 00 5a f4 80 a0 54 40 02 00 10 00 80 5a f4 80 a0 55 80 04 00 20 01 00 00 
B WR ff fe 00 00 00 01 ff 
B RD fe 01 22 00 90 ff 
B WR ff fe 00 00 00 00 ff 
B WR ff fe 00 00 00 04 ff 
B WR ff fe 03 b8 0b 00 ff 
B WR ff fe 03 b8 0b 40 ff 
B WR ff fe 01 22 00 00 ff 
B WR ff fe 01 22 00 40 ff 
B WR ff fe 01 22 00 00 ff 
B WR ff fe 01 22 00 80 ff 
A    5a f4 80 a0 56 00 83 08 50 00 00 5a f4 80 a0 54 40 02 00 10 00 80 5a f4 80 a0 55 80 04 00 20 01 00 00 
B WR ff fe 00 00 00 01 ff 
B RD fe 01 22 00 90 ff 
B WR ff fe 00 00 00 00 ff 
B WR ff fe 00 00 00 04 ff 
B WR ff fe 03 b8 0b 00 ff 
B WR ff fe 03 b8 0b 40 ff 
B WR ff fe 01 22 00 00 ff 
B WR ff fe 01 22 00 40 ff 
B WR ff fe 01 22 00 00 ff 
B WR ff fe 01 22 00 80 ff 
A    5a f4 80 a0 56 00 83 08 70 00 00 5a f4 80 a0 54 40 02 00 10 00 80 5a f4 80 a0 55 80 04 00 20 01 00 00 
B WR ff fe 00 00 00 01 ff 
B RD fe 01 22 00 90 ff 
B WR ff fe 00 00 00 00 ff 
B WR ff fe 00 00 00 04 ff 
B WR ff fe 03 b8 0b 00 ff 
B WR ff fe 03 b8 0b 40 ff 
B WR ff fe 01 22 00 00 ff 
B WR ff fe 01 22 00 40 ff 
B WR ff fe 01 22 00 00 ff 
B WR ff fe 01 22 00 80 ff 
A    5a f4 80 a0 56 00 50 08 10 00 00 5a f4 80 a0 54 40 02 00 10 00 80 5a f4 80 a0 55 80 04 00 20 01 00 00 
B WR ff fe 00 00 00 01 ff 
B RD fe 01 22 00 90 ff 
B WR ff fe 00 00 00 00 ff 
B WR ff fe 00 00 00 04 ff 
B WR ff fe 03 b8 0b 00 ff 
B WR ff fe 03 b8 0b 40 ff 
B WR ff fe 01 22 00 00 ff 
B WR ff fe 01 22 00 40 ff 
B WR ff fe 01 22 00 00 ff 
B WR ff fe 01 22 00 80 ff 
A    5a f4 80 a0 56 00 50 08 50 00 00 5a f4 80 a0 54 40 02 00 10 00 80 5a f4 80 a0 55 80 04 00 20 01 00 00 
B WR ff fe 00 00 00 01 ff 
B RD fe 01 22 00 90 ff 
B WR ff fe 00 00 00 00 ff 
B WR ff fe 00 00 00 04 ff 
B WR ff fe 03 b8 0b 00 ff 
B WR ff fe 03 b8 0b 40 ff 
B WR ff fe 01 22 00 00 ff 
B WR ff fe 01 22 00 40 ff 
B WR ff fe 01 22 00 00 ff 
B WR ff fe 01 22 00 80 ff 
A    5a f4 80 a0 56 00 30 08 50 00 00 5a f4 80 a0 54 40 02 00 10 00 80 5a f4 80 a0 55 80 04 00 20 01 00 00 
B WR ff fe 00 00 00 01 ff 
B RD fe 01 22 00 90 ff 
B WR ff fe 00 00 00 00 ff 
B WR ff fe 00 00 00 04 ff 
B WR ff fe 03 b8 0b 00 ff 
B WR ff fe 03 b8 0b 40 ff 
B WR ff fe 01 22 00 00 ff 
B WR ff fe 01 22 00 40 ff 
B WR ff fe 01 22 00 00 ff 
B WR ff fe 01 22 00 80 ff 
A    5a f4 80 a0 56 00 30 08 70 00 00 5a f4 80 a0 54 40 02 00 10 00 80 5a f4 80 a0 55 80 04 00 20 01 00 00 
B WR ff fe 00 00 00 01 ff 
B RD fe 01 22 00 90 ff 
B WR ff fe 00 00 00 00 ff 
B WR ff fe 00 00 00 04 ff 
B WR ff fe 03 b8 0b 00 ff 
B WR ff fe 03 b8 0b 40 ff 
B WR ff fe 01 22 00 00 ff 
B WR ff fe 01 22 00 40 ff 
B WR ff fe 01 22 00 00 ff 
B WR ff fe 01 22 00 80 ff 
A    5a f4 80 a0 56 00 00 05 10 00 00 5a f4 80 a0 54 40 02 00 10 00 80 5a f4 80 a0 55 80 04 00 20 01 00 00 
B WR ff fe 00 00 00 01 ff 
B RD fe 01 22 00 90 ff 
B WR ff fe 00 00 00 00 ff 
B WR ff fe 00 00 00 04 ff 
B WR ff fe 03 b8 0b 00 ff 
B WR ff fe 03 b8 0b 40 ff 
B WR ff fe 01 22 00 00 ff 
B WR ff fe 01 22 00 40 ff 
B WR ff fe 01 22 00 00 ff 
B WR ff fe 01 22 00 80 ff 
A    5a f4 80 a0 56 00 00 05 50 00 00 5a f4 80 a0 54 40 02 00 10 00 80 5a f4 80 a0 55 80 04 00 20 01 00 00 
B WR ff fe 00 00 00 01 ff 
B RD fe 01 22 00 90 ff 
B WR ff fe 00 00 00 00 ff 
B WR ff fe 00 00 00 04 ff 
B WR ff fe 03 b8 0b 00 ff 
B WR ff fe 03 b8 0b 40 ff 
B WR ff fe 01 22 00 00 ff 
B WR ff fe 01 22 00 40 ff 
B WR ff fe 01 22 00 00 ff 
B WR ff fe 01 22 00 80 ff 
A    5a f4 80 a0 56 00 00 03 50 00 00 5a f4 80 a0 54 40 02 00 10 00 80 5a f4 80 a0 55 80 04 00 20 01 00 00 
B WR ff fe 00 00 00 01 ff 
B RD fe 01 22 00 90 ff 
B WR ff fe 00 00 00 00 ff 
B WR ff fe 00 00 00 04 ff 
B WR ff fe 03 b8 0b 00 ff 
B WR ff fe 03 b8 0b 40 ff 
B WR ff fe 01 22 00 00 ff 
B WR ff fe 01 22 00 40 ff 
B WR ff fe 01 22 00 00 ff 
B WR ff fe 01 22 00 80 ff 
A    5a f4 80 a0 56 00 00 03 70 00 00 5a f4 80 a0 54 40 02 00 10 00 80 5a f4 80 a0 55 80 04 00 20 01 00 00 
B WR ff fe 00 00 00 01 ff 
B RD fe 01 22 00 90 ff 
B WR ff fe 00 00 00 00 ff 
B WR ff fe 00 00 00 04 ff 
B WR ff fe 03 b8 0b 00 ff 
B WR ff fe 03 b8 0b 40 ff 
B WR ff fe 01 22 00 00 ff 
B WR ff fe 01 22 00 40 ff 
B WR ff fe 01 22 00 00 ff 
B WR ff fe 01 22 00 80 ff 
A    5a f4 80 a0 56 00 00 00 88 00 00 5a f4 80 a0 54 40 02 00 10 00 80 5a f4 80 a0 55 80 04 00 20 01 00 00 
B WR ff fe 00 00 00 01 ff 
B RD fe 01 22 00 90 ff 
B WR ff fe 00 00 00 00 ff 
B WR ff fe 00 00 00 04 ff 
B WR ff fe 03 b8 0b 00 ff 
B WR ff fe 03 b8 0b 40 ff 
B WR ff fe 01 22 00 00 ff 
B WR ff fe 01 22 00 40 ff 
B WR ff fe 01 22 00 00 ff 
B WR ff fe 01 22 00 80 ff 
A    5a f4 80 a0 56 00 00 00 c8 00 00 5a f4 80 a0 54 40 02 00 10 00 80 5a f4 80 a0 55 80 04 00 20 01 00 00 
B WR ff fe 00 00 00 01 ff 
B RD fe 01 22 00 90 ff 
B WR ff fe 00 00 00 00 ff 
B WR ff fe 00 00 00 04 ff 
B WR ff fe 03 b8 0b 00 ff 
B WR ff fe 03 b8 0b 40 ff 
B WR ff fe 01 22 00 00 ff 
B WR ff fe 01 22 00 40 ff 
B WR ff fe 01 22 00 00 ff 
B WR ff fe 01 22 00 80 ff 
A    5a f4 80 a0 56 00 00 00 c4 00 00 5a f4 80 a0 54 40 02 00 10 00 80 5a f4 80 a0 55 80 04 00 20 01 00 00 
B WR ff fe 00 00 00 01 ff 
B RD fe 01 22 00 90 ff 
B WR ff fe 00 00 00 00 ff 
B WR ff fe 00 00 00 04 ff 
B WR ff fe 03 b8 0b 00 ff 
B WR ff fe 03 b8 0b 40 ff 
B WR ff fe 01 22 00 00 ff 
B WR ff fe 01 22 00 40 ff 
B WR ff fe 01 22 00 00 ff 
B WR ff fe 01 22 00 80 ff 
A    5a f4 80 a0 56 00 00 00 e4 00 00 5a f4 80 a0 54 40 02 00 10 00 80 5a f4 80 a0 55 80 04 00 20 01 00 00 
B WR ff fe 00 00 00 01 ff 
B RD fe 01 22 00 90 ff 
B WR ff fe 00 00 00 00 ff 
B WR ff fe 00 00 00 04 ff 
B WR ff fe 03 b8 0b 00 ff 
B WR ff fe 03 b8 0b 40 ff 
B WR ff fe 01 22 00 00 ff 
B WR ff fe 01 22 00 40 ff 
B WR ff fe 01 22 00 00 ff 
B WR ff fe 01 22 00 80 ff 
A    5a f4 80 a0 56 00 00 00 00 00 80 5a f4 80 a0 54 3b 81 e2 0f 40 7d 5a f4 80 a0 55 77 03 c4 1e 80 fa 00 
B WR ff fe 00 00 00 01 ff 
B RD fe 01 22 00 90 ff 
B WR ff fe 01 22 00 00 ff 
B WR ff fe 01 22 00 40 ff 
B WR ff fe 01 22 00 00 ff 
B WR ff fe 01 22 00 80 ff 
A    5a f4 80 a0 56 00 00 00 00 00 80 5a f4 80 a0 54 3b 81 e2 0f 40 7d 5a f4 80 a0 55 77 03 c4 1e 80 fa 00 
B WR ff fe 00 00 00 01 ff 
B RD fe 01 22 00 90 ff 
B WR ff fe 01 11 00 00 ff 
B WR ff fe 01 11 00 40 ff 
B WR ff fe 01 11 00 00 ff 
B WR ff fe 01 11 00 80 ff 
A    5a f4 80 a0 44 00 00 00 00 00 00 42 f4 88 99 f5 00 
B WR ff fe 00 00 00 01 ff 
B RD fe 01 11 00 90 ff 
B WR ff fe 02 01 00 00 ff 
B WR ff fe 02 01 00 40 ff 
B WR ff fe 02 01 00 00 ff 
B WR ff fe 02 01 00 80 ff 
B RD fe 02 01 00 98 ff 
B WR ff fe 01 11 00 00 ff 
B WR ff fe 01 11 00 40 ff 
B WR ff fe 01 11 00 00 ff 
B WR ff fe 01 11 00 80 ff 
A    5a f4 80 a0 45 00 00 00 00 00 00 42 f4 88 99 f5 00 
B WR ff fe 00 00 00 01 ff 
B RD fe 01 11 00 98 ff 
B WR ff fe 02 01 00 00 ff 
B WR ff fe 02 01 00 40 ff 
B WR ff fe 02 01 00 00 ff 
B WR ff fe 02 01 00 80 ff 
B RD fe 02 01 00 98 ff 
B WR ff fe 01 22 00 00 ff 
B WR ff fe 01 22 00 40 ff 
B WR ff fe 01 22 00 00 ff 
B WR ff fe 01 22 00 80 ff 
A    5a f4 80 60 36 00 85 08 10 00 00 5a f4 80 60 34 40 02 00 10 00 80 5a f4 80 60 35 80 04 00 20 01 00 00 
B WR ff fe 00 00 00 01 ff 
B RD fe 01 22 00 98 ff 
B WR ff fe 00 00 00 00 ff 
B WR ff fe 00 00 00 04 ff 
B WR ff fe 03 b8 0b 00 ff 
B WR ff fe 03 b8 0b 40 ff 
B WR ff fe 01 22 00 00 ff 
B WR ff fe 01 22 00 40 ff 
B WR ff fe 01 22 00 00 ff 
B WR ff fe 01 22 00 80 ff 
A    5a f4 80 60 36 00 85 08 50 00 00 5a f4 80 60 34 40 02 00 10 00 80 5a f4 80 60 35 80 04 00 20 01 00 00 
B WR ff fe 00 00 00 01 ff 
B RD fe 01 22 00 90 ff 
B WR ff fe 00 00 00 00 ff 
B WR ff fe 00 00 00 04 ff 
B WR ff fe 03 b8 0b 00 ff 
B WR ff fe 03 b8 0b 40 ff 
B WR ff fe 01 22 00 00 ff 
B WR ff fe 01 22 00 40 ff 
B WR ff fe 01 22 00 00 ff 
B WR ff fe 01 22 00 80 ff 
A    5a f4 80 60 36 00 83 08 50 00 00 5a f4 80 60 34 40 02 00 10 00 80 5a f4 80 60 35 80 04 00 20 01 00 00 
B WR ff fe 00 00 00 01 ff 
B RD fe 01 22 00 90 ff 
B WR ff fe 00 00 00 00 ff 
B WR ff fe 00 00 00 04 ff 
B WR ff fe 03 b8 0b 00 ff 
B WR ff fe 03 b8 0b 40 ff 
B WR ff fe 01 22 00 00 ff 
B WR ff fe 01 22 00 40 ff 
B WR ff fe 01 22 00 00 ff 
B WR ff fe 01 22 00 80 ff 
A    5a f4 80 60 36 00 83 08 70 00 00 5a f4 80 60 34 40 02 00 10 00 80 5a f4 80 60 35 80 04 00 20 01 00 00 
B WR ff fe 00 00 00 01 ff 
B RD fe 01 22 00 90 ff 
B WR ff fe 00 00 00 00 ff 
B WR ff fe 00 00 00 04 ff 
B WR ff fe 03 b8 0b 00 ff 
B WR ff fe 03 b8 0b 40 ff 
B WR ff fe 01 22 00 00 ff 
B WR ff fe 01 22 00 40 ff 
B WR ff fe 01 22 00 00 ff 
B WR ff fe 01 22 00 80 ff 
A    5a f4 80 60 36 00 50 08 10 00 00 5a f4 80 60 34 40 02 00 10 00 80 5a f4 80 60 35 80 04 00 20 01 00 00 
B WR ff fe 00 00 00 01 ff 
B RD fe 01 22 00 90 ff 
B WR ff fe 00 00 00 00 ff 
B WR ff fe 00 00 00 04 ff 
B WR ff fe 03 b8 0b 00 ff 
B WR ff fe 03 b8 0b 40 ff 
B WR ff fe 01 22 00 00 ff 
B WR ff fe 01 22 00 40 ff 
B WR ff fe 01 22 00 00 ff 
B WR ff fe 01 22 00 80 ff 
A    5a f4 80 60 36 00 50 08 50 00 00 5a f4 80 60 34 40 02 00 10 00 80 5a f4 80 60 35 80 04 00 20 01 00 00 
B WR ff fe 00 00 00 01 ff 
B RD fe 01 22 00 90 ff 
B WR ff fe 00 00 00 00 ff 
B WR ff fe 00 00 00 04 ff 
B WR ff fe 03 b8 0b 00 ff 
B WR ff fe 03 b8 0b 40 ff 
B WR ff fe 01 22 00 00 ff 
B WR ff fe 01 22 00 40 ff 
B WR ff fe 01 22 00 00 ff 
B WR ff fe 01 22 00 80 ff 
A    5a f4 80 60 36 00 30 08 50 00 00 5a f4 80 60 34 40 02 00 10 00 80 5a f4 80 60 35 80 04 00 20 01 00 00 
B WR ff fe 00 00 00 01 ff 
B RD fe 01 22 00 90 ff 
B WR ff fe 00 00 00 00 ff 
B WR ff fe 00 00 00 04 ff 
B WR ff fe 03 b8 0b 00 ff 
B WR ff fe 03 b8 0b 40 ff 
B WR ff fe 01 22 00 00 ff 
B WR ff fe 01 22 00 40 ff 
B WR ff fe 01 22 00 00 ff 
B WR ff fe 01 22 00 80 ff 
A    5a f4 80 60 36 00 30 08 70 00 00 5a f4 80 60 34 40 02 00 10 00 80 5a f4 80 60 35 80 04 00 20 01 00 00 
B WR ff fe 00 00 00 01 ff 
B RD fe 01 22 00 90 ff 
B WR ff fe 00 00 00 00 ff 
B WR ff fe 00 00 00 04 ff 
B WR ff fe 03 b8 0b 00 ff 
B WR ff fe 03 b8 0b 40 ff 
B WR ff fe 01 22 00 00 ff 
B WR ff fe 01 22 00 40 ff 
B WR ff fe 01 22 00 00 ff 
B WR ff fe 01 22 00 80 ff 
A    5a f4 80 60 36 00 00 05 10 00 00 5a f4 80 60 34 40 02 00 10 00 80 5a f4 80 60 35 80 04 00 20 01 00 00 
B WR ff fe 00 00 00 01 ff 
B RD fe 01 22 00 90 ff 
B WR ff fe 00 00 00 00 ff 
B WR ff fe 00 00 00 04 ff 
B WR ff fe 03 b8 0b 00 ff 
B WR ff fe 03 b8 0b 40 ff 
B WR ff fe 01 22 00 00 ff 
B WR ff fe 01 22 00 40 ff 
B WR ff fe 01 22 00 00 ff 
B WR ff fe 01 22 00 80 ff 
A    5a f4 80 60 36 00 00 05 50 00 00 5a f4 80 60 34 40 02 00 10 00 80 5a f4 80 60 35 80 04 00 20 01 00 00 
B WR ff fe 00 00 00 01 ff 
B RD fe 01 22 00 90 ff 
B WR ff fe 00 00 00 00 ff 
B WR ff fe 00 00 00 04 ff 
B WR ff fe 03 b8 0b 00 ff 
B WR ff fe 03 b8 0b 40 ff 
B WR ff fe 01 22 00 00 ff 
B WR ff fe 01 22 00 40 ff 
B WR ff fe 01 22 00 00 ff 
B WR ff fe 01 22 00 80 ff 
A    5a f4 80 60 36 00 00 03 50 00 00 5a f4 80 60 34 40 02 00 10 00 80 5a f4 80 60 35 80 04 00 20 01 00 00 
B WR ff fe 00 00 00 01 ff 
B RD fe 01 22 00 90 ff 
B WR ff fe 00 00 00 00 ff 
B WR ff fe 00 00 00 04 ff 
B WR ff fe 03 b8 0b 00 ff 
B WR ff fe 03 b8 0b 40 ff 
B WR ff fe 01 22 00 00 ff 
B WR ff fe 01 22 00 40 ff 
B WR ff fe 01 22 00 00 ff 
B WR ff fe 01 22 00 80 ff 
A    5a f4 80 60 36 00 00 03 70 00 00 5a f4 80 60 34 40 02 00 10 00 80 5a f4 80 60 35 80 04 00 20 01 00 00 
B WR ff fe 00 00 00 01 ff 
B RD fe 01 22 00 90 ff 
B WR ff fe 00 00 00 00 ff 
B WR ff fe 00 00 00 04 ff 
B WR ff fe 03 b8 0b 00 ff 
B WR ff fe 03 b8 0b 40 ff 
B WR ff fe 01 22 00 00 ff 
B WR ff fe 01 22 00 40 ff 
B WR ff fe 01 22 00 00 ff 
B WR ff fe 01 22 00 80 ff 
A    5a f4 80 60 36 00 00 00 88 00 00 5a f4 80 60 34 40 02 00 10 00 80 5a f4 80 60 35 80 04 00 20 01 00 00 
B WR ff fe 00 00 00 01 ff 
B RD fe 01 22 00 90 ff 
B WR ff fe 00 00 00 00 ff 
B WR ff fe 00 00 00 04 ff 
B WR ff fe 03 b8 0b 00 ff 
B WR ff fe 03 b8 0b 40 ff 
B WR ff fe 01 22 00 00 ff 
B WR ff fe 01 22 00 40 ff 
B WR ff fe 01 22 00 00 ff 
B WR ff fe 01 22 00 80 ff 
A    5a f4 80 60 36 00 00 00 c8 00 00 5a f4 80 60 34 40 02 00 10 00 80 5a f4 80 60 35 80 04 00 20 01 00 00 
B WR ff fe 00 00 00 01 ff 
B RD fe 01 22 00 90 ff 
B WR ff fe 00 00 00 00 ff 
B WR ff fe 00 00 00 04 ff 
B WR ff fe 03 b8 0b 00 ff 
B WR ff fe 03 b8 0b 40 ff 
B WR ff fe 01 22 00 00 ff 
B WR ff fe 01 22 00 40 ff 
B WR ff fe 01 22 00 00 ff 
B WR ff fe 01 22 00 80 ff 
A    5a f4 80 60 36 00 00 00 c4 00 00 5a f4 80 60 34 40 02 00 10 00 80 5a f4 80 60 35 80 04 00 20 01 00 00 
B WR ff fe 00 00 00 01 ff 
B RD fe 01 22 00 90 ff 
B WR ff fe 00 00 00 00 ff 
B WR ff fe 00 00 00 04 ff 
B WR ff fe 03 b8 0b 00 ff 
B WR ff fe 03 b8 0b 40 ff 
B WR ff fe 01 22 00 00 ff 
B WR ff fe 01 22 00 40 ff 
B WR ff fe 01 22 00 00 ff 
B WR ff fe 01 22 00 80 ff 
A    5a f4 80 60 36 00 00 00 e4 00 00 5a f4 80 60 34 40 02 00 10 00 80 5a f4 80 60 35 80 04 00 20 01 00 00 
B WR ff fe 00 00 00 01 ff 
B RD fe 01 22 00 90 ff 
B WR ff fe 00 00 00 00 ff 
B WR ff fe 00 00 00 04 ff 
B WR ff fe 03 b8 0b 00 ff 
B WR ff fe 03 b8 0b 40 ff 
B WR ff fe 01 22 00 00 ff 
B WR ff fe 01 22 00 40 ff 
B WR ff fe 01 22 00 00 ff 
B WR ff fe 01 22 00 80 ff 
A    5a f4 80 60 36 00 00 00 00 00 80 5a f4 80 60 34 3b 31 e0 0f 30 7d 5a f4 80 60 35 76 63 c0 1e 60 fa 00 
B WR ff fe 00 00 00 01 ff 
B RD fe 01 22 00 90 ff 
B WR ff fe 01 22 00 00 ff 
B WR ff fe 01 22 00 40 ff 
B WR ff fe 01 22 00 00 ff 
B WR ff fe 01 22 00 80 ff 
A    5a f4 80 60 36 00 00 00 00 00 80 5a f4 80 60 34 3b 31 e0 0f 30 7d 5a f4 80 60 35 76 63 c0 1e 60 fa 00 
B WR ff fe 00 00 00 01 ff 
B RD fe 01 22 00 90 ff 
B WR ff fe 01 11 00 00 ff 
B WR ff fe 01 11 00 40 ff 
B WR ff fe 01 11 00 00 ff 
B WR ff fe 01 11 00 80 ff 
A    5a f4 80 60 24 00 00 00 00 00 00 42 f4 88 99 f5 00 
B WR ff fe 00 00 00 01 ff 
B RD fe 01 11 00 90 ff 
B WR ff fe 02 01 00 00 ff 
B WR ff fe 02 01 00 40 ff 
B WR ff fe 02 01 00 00 ff 
B WR ff fe 02 01 00 80 ff 
B RD fe 02 01 00 98 ff 
B WR ff fe 01 11 00 00 ff 
B WR ff fe 01 11 00 40 ff 
B WR ff fe 01 11 00 00 ff 
B WR ff fe 01 11 00 80 ff 
A    5a f4 80 60 25 00 00 00 00 00 00 42 f4 88 99 f5 00 
B WR ff fe 00 00 00 01 ff 
B RD fe 01 11 00 98 ff 
B WR ff fe 02 01 00 00 ff 
B WR ff fe 02 01 00 40 ff 
B WR ff fe 02 01 00 00 ff 
B WR ff fe 02 01 00 80 ff 
B RD fe 02 01 00 98 ff 
B WR ff fe 01 22 00 00 ff 
B WR ff fe 01 22 00 40 ff 
B WR ff fe 01 22 00 00 ff 
B WR ff fe 01 22 00 80 ff 
A    5a f4 80 60 56 00 85 08 10 00 00 5a f4 80 60 54 40 02 00 10 00 80 5a f4 80 60 55 80 04 00 20 01 00 00 
B WR ff fe 00 00 00 01 ff 
B RD fe 01 22 00 98 ff 
B WR ff fe 00 00 00 00 ff 
B WR ff fe 00 00 00 04 ff 
B WR ff fe 03 b8 0b 00 ff 
B WR ff fe 03 b8 0b 40 ff 
B WR ff fe 01 22 00 00 ff 
B WR ff fe 01 22 00 40 ff 
B WR ff fe 01 22 00 00 ff 
B WR ff fe 01 22 00 80 ff 
A    5a f4 80 60 56 00 85 08 50 00 00 5a f4 80 60 54 40 02 00 10 00 80 5a f4 80 60 55 80 04 00 20 01 00 00 
B WR ff fe 00 00 00 01 ff 
B RD fe 01 22 00 90 ff 
B WR ff fe 00 00 00 00 ff 
B WR ff fe 00 00 00 04 ff 
B WR ff fe 03 b8 0b 00 ff 
B WR ff fe 03 b8 0b 40 ff 
B WR ff fe 01 22 00 00 ff 
B WR ff fe 01 22 00 40 ff 
B WR ff fe 01 22 00 00 ff 
B WR ff fe 01 22 00 80 ff 
A    5a f4 80 60 56 00 83 08 50 00 00 5a f4 80 60 54 40 02 00 10 00 80 5a f4 80 60 55 80 04 00 20 01 00 00 
B WR ff fe 00 00 00 01 ff 
B RD fe 01 22 00 90 ff 
B WR ff fe 00 00 00 00 ff 
B WR ff fe 00 00 00 04 ff 
B WR ff fe 03 b8 0b 00 ff 
B WR ff fe 03 b8 0b 40 ff 
B WR ff fe 01 22 00 00 ff 
B WR ff fe 01 22 00 40 ff 
B WR ff fe 01 22 00 00 ff 
B WR ff fe 01 22 00 80 ff 
A    5a f4 80 60 56 00 83 08 70 00 00 5a f4 80 60 54 40 02 00 10 00 80 5a f4 80 60 55 80 04 00 20 01 00 00 
B WR ff fe 00 00 00 01 ff 
B RD fe 01 22 00 90 ff 
B WR ff fe 00 00 00 00 ff 
B WR ff fe 00 00 00 04 ff 
B WR ff fe 03 b8 0b 00 ff 
B WR ff fe 03 b8 0b 40 ff 
B WR ff fe 01 22 00 00 ff 
B WR ff fe 01 22 00 40 ff 
B WR ff fe 01 22 00 00 ff 
B WR ff fe 01 22 00 80 ff 
A    5a f4 80 60 56 00 50 08 10 00 00 5a f4 80 60 54 40 02 00 10 00 80 5a f4 80 60 55 80 04 00 20 01 00 00 
B WR ff fe 00 00 00 01 ff 
B RD fe 01 22 00 90 ff 
B WR ff fe 00 00 00 00 ff 
B WR ff fe 00 00 00 04 ff 
B WR ff fe 03 b8 0b 00 ff 
B WR ff fe 03 b8 0b 40 ff 
B WR ff fe 01 22 00 00 ff 
B WR ff fe 01 22 00 40 ff 
B WR ff fe 01 22 00 00 ff 
B WR ff fe 01 22 00 80 ff 
A    5a f4 80 60 56 00 50 08 50 00 00 5a f4 80 60 54 40 02 00 10 00 80 5a f4 80 60 55 80 04 00 20 01 00 00 
B WR ff fe 00 00 00 01 ff 
B RD fe 01 22 00 90 ff 
B WR ff fe 00 00 00 00 ff 
B WR ff fe 00 00 00 04 ff 
B WR ff fe 03 b8 0b 00 ff 
B WR ff fe 03 b8 0b 40 ff 
B WR ff fe 01 22 00 00 ff 
B WR ff fe 01 22 00 40 ff 
B WR ff fe 01 22 00 00 ff 
B WR ff fe 01 22 00 80 ff 
A    5a f4 80 60 56 00 30 08 50 00 00 5a f4 80 60 54 40 02 00 10 00 80 5a f4 80 60 55 80 04 00 20 01 00 00 
B WR ff fe 00 00 00 01 ff 
B RD fe 01 22 00 90 ff 
B WR ff fe 00 00 00 00 ff 
B WR ff fe 00 00 00 04 ff 
B WR ff fe 03 b8 0b 00 ff 
B WR ff fe 03 b8 0b 40 ff 
B WR ff fe 01 22 00 00 ff 
B WR ff fe 01 22 00 40 ff 
B WR ff fe 01 22 00 00 ff 
B WR ff fe 01 22 00 80 ff 
A    5a f4 80 60 56 00 30 08 70 00 00 5a f4 80 60 54 40 02 00 10 00 80 5a f4 80 60 55 80 04 00 20 01 00 00 
B WR ff fe 00 00 00 01 ff 
B RD fe 01 22 00 90 ff 
B WR ff fe 00 00 00 00 ff 
B WR ff fe 00 00 00 04 ff 
B WR ff fe 03 b8 0b 00 ff 
B WR ff fe 03 b8 0b 40 ff 
B WR ff fe 01 22 00 00 ff 
B WR ff fe 01 22 00 40 ff 
B WR ff fe 01 22 00 00 ff 
B WR ff fe 01 22 00 80 ff 
A    5a f4 80 60 56 00 00 05 10 00 00 5a f4 80 60 54 40 02 00 10 00 80 5a f4 80 60 55 80 04 00 20 01 00 00 
B WR ff fe 00 00 00 01 ff 
B RD fe 01 22 00 90 ff 
B WR ff fe 00 00 00 00 ff 
B WR ff fe 00 00 00 04 ff 
B WR ff fe 03 b8 0b 00 ff 
B WR ff fe 03 b8 0b 40 ff 
B WR ff fe 01 22 00 00 ff 
B WR ff fe 01 22 00 40 ff 
B WR ff fe 01 22 00 00 ff 
B WR ff fe 01 22 00 80 ff 
A    5a f4 80 60 56 00 00 05 50 00 00 5a f4 80 60 54 40 02 00 10 00 80 5a f4 80 60 55 80 04 00 20 01 00 00 
B WR ff fe 00 00 00 01 ff 
B RD fe 01 22 00 90 ff 
B WR ff fe 00 00 00 00 ff 
B WR ff fe 00 00 00 04 ff 
B WR ff fe 03 b8 0b 00 ff 
B WR ff fe 03 b8 0b 40 ff 
B WR ff fe 01 22 00 00 ff 
B WR ff fe 01 22 00 40 ff 
B WR ff fe 01 22 00 00 ff 
B WR ff fe 01 22 00 80 ff 
A    5a f4 80 60 56 00 00 03 50 00 00 5a f4 80 60 54 40 02 00 10 00 80 5a f4 80 60 55 80 04 00 20 01 00 00 
B WR ff fe 00 00 00 01 ff 
B RD fe 01 22 00 90 ff 
B WR ff fe 00 00 00 00 ff 
B WR ff fe 00 00 00 04 ff 
B WR ff fe 03 b8 0b 00 ff 
B WR ff fe 03 b8 0b 40 ff 
B WR ff fe 01 22 00 00 ff 
B WR ff fe 01 22 00 40 ff 
B WR ff fe 01 22 00 00 ff 
B WR ff fe 01 22 00 80 ff 
A    5a f4 80 60 56 00 00 03 70 00 00 5a f4 80 60 54 40 02 00 10 00 80 5a f4 80 60 55 80 04 00 20 01 00 00 
B WR ff fe 00 00 00 01 ff 
B RD fe 01 22 00 90 ff 
B WR ff fe 00 00 00 00 ff 
B WR ff fe 00 00 00 04 ff 
B WR ff fe 03 b8 0b 00 ff 
B WR ff fe 03 b8 0b 40 ff 
B WR ff fe 01 22 00 00 ff 
B WR ff fe 01 22 00 40 ff 
B WR ff fe 01 22 00 00 ff 
B WR ff fe 01 22 00 80 ff 
A    5a f4 80 60 56 00 00 00 88 00 00 5a f4 80 60 54 40 02 00 10 00 80 5a f4 80 60 55 80 04 00 20 01 00 00 
B WR ff fe 00 00 00 01 ff 
B RD fe 01 22 00 90 ff 
B WR ff fe 00 00 00 00 ff 
B WR ff fe 00 00 00 04 ff 
B WR ff fe 03 b8 0b 00 ff 
B WR ff fe 03 b8 0b 40 ff 
B WR ff fe 01 22 00 00 ff 
B WR ff fe 01 22 00 40 ff 
B WR ff fe 01 22 00 00 ff 
B WR ff fe 01 22 00 80 ff 
A    5a f4 80 60 56 00 00 00 c8 00 00 5a f4 80 60 54 40 02 00 10 00 80 5a f4 80 60 55 80 04 00 20 01 00 00 
B WR ff fe 00 00 00 01 ff 
B RD fe 01 22 00 90 ff 
B WR ff fe 00 00 00 00 ff 
B WR ff fe 00 00 00 04 ff 
B WR ff fe 03 b8 0b 00 ff 
B WR ff fe 03 b8 0b 40 ff 
B WR ff fe 01 22 00 00 ff 
B WR ff fe 01 22 00 40 ff 
B WR ff fe 01 22 00 00 ff 
B WR ff fe 01 22 00 80 ff 
A    5a f4 80 60 56 00 00 00 c4 00 00 5a f4 80 60 54 40 02 00 10 00 80 5a f4 80 60 55 80 04 00 20 01 00 00 
B WR ff fe 00 00 00 01 ff 
B RD fe 01 22 00 90 ff 
B WR ff fe 00 00 00 00 ff 
B WR ff fe 00 00 00 04 ff 
B WR ff fe 03 b8 0b 00 ff 
B WR ff fe 03 b8 0b 40 ff 
B WR ff fe 01 22 00 00 ff 
B WR ff fe 01 22 00 40 ff 
B WR ff fe 01 22 00 00 ff 
B WR ff fe 01 22 00 80 ff 
A    5a f4 80 60 56 00 00 00 e4 00 00 5a f4 80 60 54 40 02 00 10 00 80 5a f4 80 60 55 80 04 00 20 01 00 00 
B WR ff fe 00 00 00 01 ff 
B RD fe 01 22 00 90 ff 
B WR ff fe 00 00 00 00 ff 
B WR ff fe 00 00 00 04 ff 
B WR ff fe 03 b8 0b 00 ff 
B WR ff fe 03 b8 0b 40 ff 
B WR ff fe 01 22 00 00 ff 
B WR ff fe 01 22 00 40 ff 
B WR ff fe 01 22 00 00 ff 
B WR ff fe 01 22 00 80 ff 
A    5a f4 80 60 56 00 00 00 00 00 80 5a f4 80 60 54 3b 11 df 0f 30 7d 5a f4 80 60 55 76 23 be 1e 60 fa 00 
B WR ff fe 00 00 00 01 ff 
B RD fe 01 22 00 90 ff 
B WR ff fe 01 22 00 00 ff 
B WR ff fe 01 22 00 40 ff 
B WR ff fe 01 22 00 00 ff 
B WR ff fe 01 22 00 80 ff 
A    5a f4 80 60 56 00 00 00 00 00 80 5a f4 80 60 54 3b 11 df 0f 30 7d 5a f4 80 60 55 76 23 be 1e 60 fa 00 
B WR ff fe 00 00 00 01 ff 
B RD fe 01 22 00 90 ff 
B WR ff fe 01 11 00 00 ff 
B WR ff fe 01 11 00 40 ff 
B WR ff fe 01 11 00 00 ff 
B WR ff fe 01 11 00 80 ff 
A    5a f4 80 60 44 00 00 00 00 00 00 42 f4 88 99 f5 00 
B WR ff fe 00 00 00 01 ff 
B RD fe 01 11 00 90 ff 
B WR ff fe 02 01 00 00 ff 
B WR ff fe 02 01 00 40 ff 
B WR ff fe 02 01 00 00 ff 
B WR ff fe 02 01 00 80 ff 
B RD fe 02 01 00 98 ff 
B WR ff fe 01 11 00 00 ff 
B WR ff fe 01 11 00 40 ff 
B WR ff fe 01 11 00 00 ff 
B WR ff fe 01 11 00 80 ff 
A    5a f4 80 60 45 00 00 00 00 00 00 42 f4 88 99 f5 00 
B WR ff fe 00 00 00 01 ff 
B RD fe 01 11 00 98 ff 
B WR ff fe 02 01 00 00 ff 
B WR ff fe 02 01 00 40 ff 
B WR ff fe 02 01 00 00 ff 
B WR ff fe 02 01 00 80 ff 
B RD fe 02 01 00 98 ff 
B WR ff fe 00 00 00 00 ff 
B WR ff fe 00 00 00 04 ff 
B WR ff fe 03 70 30 00 ff 
B WR ff fe 03 70 30 40 ff 